{
  message: '====== System startup ======',
  level: 'debug',
  label: 'main module',
  timestamp: '2022-09-11T12:38:03.010Z'
}
{
  message: '====== System startup ======',
  level: 'debug',
  label: 'main module',
  timestamp: '2022-09-11T12:43:10.694Z'
}
{
  message: '====== System startup ======',
  level: 'debug',
  label: 'main module',
  timestamp: '2022-09-11T12:52:36.413Z'
}
{
  message: '====== System startup ======',
  level: 'debug',
  label: 'main module',
  timestamp: '2022-09-12T13:32:18.091Z'
}
{
  message: '====== System startup ======',
  level: 'debug',
  label: 'main module',
  timestamp: '2022-09-12T15:15:26.921Z'
}
{
  message: '====== System startup ======',
  level: 'debug',
  label: 'main module',
  timestamp: '2022-09-12T15:25:02.670Z'
}
{
  message: '====== System startup ======',
  level: 'debug',
  label: 'main module',
  timestamp: '2022-09-12T15:42:21.790Z'
}
{
  message: '====== System startup ======',
  level: 'debug',
  label: 'main module',
  timestamp: '2022-09-12T15:43:36.340Z'
}
{
  message: '====== System startup ======',
  level: 'debug',
  label: 'main module',
  timestamp: '2022-09-12T16:05:35.988Z'
}
{
  message: '====== System startup ======',
  level: 'debug',
  label: 'main module',
  timestamp: '2022-09-12T16:12:23.981Z'
}
{
  message: '====== System startup ======',
  level: 'debug',
  label: 'main module',
  timestamp: '2022-09-14T14:02:56.369Z'
}
{
  message: '====== System startup ======',
  level: 'debug',
  label: 'main module',
  timestamp: '2022-09-14T14:12:01.533Z'
}
{
  message: '====== System startup ======',
  level: 'debug',
  label: 'main module',
  timestamp: '2022-09-14T14:35:19.992Z'
}
{
  message: '====== System startup ======',
  level: 'debug',
  label: 'main module',
  timestamp: '2022-09-14T14:36:25.192Z'
}
{
  message: '====== System startup ======',
  level: 'debug',
  label: 'main module',
  timestamp: '2022-09-14T14:55:41.292Z'
}
{
  message: '====== System startup ======',
  level: 'debug',
  label: 'main module',
  timestamp: '2022-09-14T15:09:27.682Z'
}
{
  message: '====== System startup ======',
  level: 'debug',
  label: 'main module',
  timestamp: '2022-09-14T15:37:29.640Z'
}
{
  message: '====== System startup ======',
  level: 'debug',
  label: 'main module',
  timestamp: '2022-09-14T15:53:28.984Z'
}
{
  message: '====== System startup ======',
  level: 'debug',
  label: 'main module',
  timestamp: '2022-09-14T15:54:55.352Z'
}
{
  message: '====== System startup ======',
  level: 'debug',
  label: 'main module',
  timestamp: '2022-09-14T15:57:53.961Z'
}
{
  message: '====== System startup ======',
  level: 'debug',
  label: 'main module',
  timestamp: '2022-09-14T16:04:34.952Z'
}
{
  message: '====== System startup ======',
  level: 'debug',
  label: 'main module',
  timestamp: '2022-09-14T16:05:01.789Z'
}
{
  message: '====== System startup ======',
  level: 'debug',
  label: 'main module',
  timestamp: '2022-10-03T16:32:24.708Z'
}
{
  message: '====== System startup ======',
  level: 'debug',
  label: 'main module',
  timestamp: '2022-10-03T16:45:28.105Z'
}
{
  message: '====== System startup ======',
  level: 'debug',
  label: 'main module',
  timestamp: '2022-10-03T17:06:33.886Z'
}
{
  message: '====== System startup ======',
  level: 'debug',
  label: 'main module',
  timestamp: '2022-10-03T19:05:03.410Z'
}
{
  message: '====== System startup ======',
  level: 'debug',
  label: 'main module',
  timestamp: '2022-10-03T19:06:31.971Z'
}
{
  message: '====== System startup ======',
  level: 'debug',
  label: 'main module',
  timestamp: '2022-10-03T19:26:18.717Z'
}
{
  message: '====== System startup ======',
  level: 'debug',
  label: 'main module',
  timestamp: '2022-10-14T06:31:44.038Z'
}
{
  message: '====== System startup ======',
  level: 'debug',
  label: 'main module',
  timestamp: '2022-10-14T06:59:35.999Z'
}
{
  message: '====== System startup ======',
  level: 'debug',
  label: 'main module',
  timestamp: '2022-10-14T07:06:12.242Z'
}
{
  message: '====== System startup ======',
  level: 'debug',
  label: 'main module',
  timestamp: '2022-10-18T05:31:41.151Z'
}
{
  message: '====== System startup ======',
  level: 'debug',
  label: 'main module',
  timestamp: '2022-10-22T18:41:05.668Z'
}
{
  message: '====== System startup ======',
  level: 'debug',
  label: 'main module',
  timestamp: '2022-10-22T18:43:55.762Z'
}
{
  message: '====== System startup ======',
  level: 'debug',
  label: 'main module',
  timestamp: '2022-10-22T18:56:45.467Z'
}
